logger.ts:92 [03:09:43][组件可见性管理] 获取工作流 workflow_01 的可见性配置 {visibilityConfig: {…}}
useParameterExport.ts:150 🔧 [exportToSDKFormat] 开始导出参数: {workflowId: 'workflow_01', formattedParamsKeys: Array(7)}
parameterMappingManager.ts:46 [ParameterMappingManager] 已初始化，跳过
useParameterExport.ts:178 ✅ [exportToSDKFormat] 参数映射成功: {parameterCount: 6, parameters: {…}}
useParameterExport.ts:193 🚀 [useParameterExport] 最终SDK格式参数: {
  "workflow_id": "7569119072085524506",
  "app_id": "7528684477728882734",
  "parameters": {
    "input": "{\"img\":\"https://coze-coding-project.tos.coze.site/coze_storage_7592875716484562994/image_d5f88191.png?sign=1770433559-80842c51af-0-fb959d6d67c69786c059f49c81c01fd52b7400da25f62687dddf7247b134ff97\",\"noise\":0.3,\"number\":\"2\",\"model_name\":[\"model1\"],\"prompt\":\"\",\"workflow\":\"01\"}"
  }
}
logger.ts:92 [03:09:43][参数快照] 📸 开始生成参数快照 {workflowId: 'workflow_01'}
logger.ts:92 [03:09:43][参数快照] ✅ 参数快照生成完成 {snapshotId: 'b4b2457f-8cbd-466a-bfed-e0780d6fa19c', workflowId: 'workflow_01', totalParams: 10, filledParams: 5, completeness: 50}
ImageGenerationParams.tsx:318 [Generate] 检测到多任务组件: {componentId: 'sel_01', selectedModels: Array(1), modelCount: 1}
ImageGenerationParams.tsx:1198 [MultiTask] 开始批量生成: {batchId: '3830166247', modelCount: 1, models: Array(1)}
userStore.ts:224 [UserStore] 💰 预扣银豆: {原余额: 98537, 预扣: 50, 新余额: 98487}
taskListStore.ts:370 [TaskStore] ✅ 任务已添加（含扣费信息）: {id: '3830279532', type: 'image', workflowId: 'workflow_01', deductionInfo: {…}}
ImageGenerationParams.tsx:1320 [MultiTask] 任务创建成功 [1/1]: {taskId: '3830279532', model: 'Klein', realtimeStatus: '已初始化'}
ImageGenerationParams.tsx:1346 [MultiTask] ⏱️ 任务 1/1 将在 0ms 后启动
ImageGenerationParams.tsx:1348 [MultiTask] 🚀 任务 1/1 开始执行
ImageGenerationParams.tsx:1439 [MultiTask] 🔧 开始执行模型任务: {taskId: '3830279532', model: 'model1', modelLabel: 'Klein', hasInput: true}
ImageGenerationParams.tsx:1452 [MultiTask] 🔧 API 请求参数: {originalModelName: Array(1), correctedModelName: 'model1', modelLabel: 'Klein'}
ImageGenerationParams.tsx:1459 [MultiTask] 🚀 准备发送请求到 /api/coze/main
ImageGenerationParams.tsx:1460 [MultiTask] 📋 请求 Body 结构: {
  "input": {
    "img": "https://coze-coding-project.tos.coze.site/coze_storage_7592875716484562994/image_d5f88191.png?sign=1770433559-80842c51af-0-fb959d6d67c69786c059f49c81c01fd52b7400da25f62687dddf7247b134ff97",
    "noise": 0.3,
    "number": "2",
    "model_name": "model1",
    "prompt": "",
    "workflow": "01"
  }
}
ImageGenerationParams.tsx:1461 [MultiTask] 📋 请求 Body 类型: object
ImageGenerationParams.tsx:1462 [MultiTask] 📋 requestInput 内容: {img: 'https://coze-coding-project.tos.coze.site/coze_sto…6c059f49c81c01fd52b7400da25f62687dddf7247b134ff97', noise: 0.3, number: '2', model_name: 'model1', prompt: '', …}
ImageGenerationParams.tsx:1475 [MultiTask] 🔧 API 响应已接收，开始处理流式数据: {responseOk: true, status: 200, hasBody: true}
ImageGenerationParams.tsx:1555 [Stream] 🔧 开始处理流式响应: {taskId: '3830279532', modelLabel: 'Klein', hasReader: true, hasDecoder: true}
ImageGenerationParams.tsx:1609 [Stream] 🔧 收到数据块: {chunkLength: 911, preview: 'event: message\ndata: {"type": "node_update", "node…: null, "data": {"netWssUrl": "wss://www.runningh'}
ImageGenerationParams.tsx:1623 [Stream] 🔧 解析到事件: {type: 'node_update', node_name: 'call_runninghub_api', hasTaskId: true}
taskListStore.ts:155 [TaskStore] 🔄 任务已更新: {id: '3830279532', updates: {…}, activeTaskIds: Array(1)}
logger.ts:92 [03:09:43][TaskDatabase] 开始创建任务: taskId=3830279532, platformTaskId=2019609424443871234
logger.ts:92 [03:09:43][TaskDatabase] 请求体结构: call_type=user_task_management, operation_type=create_task
logger.ts:92 [03:09:44][TaskDatabase] 任务创建成功: taskId=3830279532, status=running, 耗时=323ms
ImageGenerationParams.tsx:1700 [MultiTask] ✅ 多任务已持久化到数据库: 3830279532
ImageGenerationParams.tsx:1716 [MultiTask] 验证任务状态更新: {taskId: '3830279532', model: 'Klein', realtimeStatus: {…}, taskIdValue: '2019609424443871234', statusText: 'Klein 图片生成中...', …}
ImageGenerationParams.tsx:1609 [Stream] 🔧 收到数据块: {chunkLength: 997, preview: 'event: message\ndata: {"type": "node_update", "node…ll, "data": [{"fileUrl": "https://rh-images.xiaoy'}
ImageGenerationParams.tsx:1623 [Stream] 🔧 解析到事件: {type: 'node_update', node_name: 'poll_task_status', hasTaskId: false}
ImageGenerationParams.tsx:1743 [多任务-Klein] ✅ 提取到 consumeCoins: 3
userStore.ts:270 [UserStore] ✅ 银豆任务结算完成（退还）: {预扣: 50, 实际: 3, 退还: 47, 新余额: 98534}
taskListStore.ts:155 [TaskStore] 🔄 任务已更新: {id: '3830279532', updates: {…}, activeTaskIds: Array(1)}
logger.ts:92 [03:09:59][TaskDatabase] 开始更新任务: taskId=3830279532, status=completed
taskDatabaseService.ts:177 [TaskDatabase] 📤 完整更新请求体: {
  "call_type": "user_task_management",
  "input": {
    "operation_type": "update_task",
    "user_id": "9182519078",
    "task_id": "3830279532",
    "task_updates": {
      "status": "completed",
      "completed_at": 1770347399006,
      "deduction_result": {
        "mode": "silver",
        "preDeductedAmount": 50,
        "finalAmount": 3,
        "settledAt": 1770347399006
      }
    }
  }
}
logger.ts:92 [03:09:59][TaskDatabase] 任务更新成功: taskId=3830279532, newStatus=completed, 耗时=315ms
taskListStore.ts:431 [TaskStore] ✅ 银豆 deduction_result 已同步到数据库: {mode: 'silver', preDeductedAmount: 50, finalAmount: 3, settledAt: 1770347399006}
taskListStore.ts:437 [TaskStore] ✅ 银豆任务已结算: {taskId: '3830279532', 预扣: 50, 实际: 3, 退还: 47}
ImageGenerationParams.tsx:1748 [多任务-Klein] ✅ 已调用结算逻辑
taskListStore.ts:121 [TaskStore] ⏱️ 记录任务最终耗时: {id: '3830279532', 最终耗时: 16}
taskListStore.ts:155 [TaskStore] 🔄 任务已更新: {id: '3830279532', updates: {…}, activeTaskIds: Array(0)}
logger.ts:92 [03:09:59][TaskDatabase] 开始更新任务: taskId=3830279532, status=completed
taskDatabaseService.ts:177 [TaskDatabase] 📤 完整更新请求体: {
  "call_type": "user_task_management",
  "input": {
    "operation_type": "update_task",
    "user_id": "9182519078",
    "task_id": "3830279532",
    "task_updates": {
      "status": "completed",
      "result": {
        "message": "success",
        "files": [
          {
            "file_url": "https://rh-images.xiaoyaoyou.com/5312cd62e1fd756057e3849edbc9d5af/output/ComfyUI_00003_vuaig_1770347391.png",
            "file_type": "png"
          },
          {
            "file_url": "https://rh-images.xiaoyaoyou.com/5312cd62e1fd756057e3849edbc9d5af/output/ComfyUI_00004_gdckp_1770347391.png",
            "file_type": "png"
          }
        ],
        "raw_response": {
          "code": 0,
          "msg": "success",
          "errorMessages": null,
          "data": [
            {
              "fileUrl": "https://rh-images.xiaoyaoyou.com/5312cd62e1fd756057e3849edbc9d5af/output/ComfyUI_00003_vuaig_1770347391.png",
              "fileType": "png",
              "taskCostTime": "12",
              "nodeId": "6",
              "thirdPartyConsumeMoney": null,
              "consumeMoney": null,
              "consumeCoins": "3"
            },
            {
              "fileUrl": "https://rh-images.xiaoyaoyou.com/5312cd62e1fd756057e3849edbc9d5af/output/ComfyUI_00004_gdckp_1770347391.png",
              "fileType": "png",
              "taskCostTime": "12",
              "nodeId": "6",
              "thirdPartyConsumeMoney": null,
              "consumeMoney": null,
              "consumeCoins": "3"
            }
          ]
        }
      },
      "completed_at": 1770347399324
    }
  }
}
logger.ts:92 [03:09:59][TaskDatabase] 任务更新成功: taskId=3830279532, newStatus=completed, 耗时=529ms
ImageGenerationParams.tsx:1779 [MultiTask] ✅ 任务状态已同步到数据库: 3830279532
ImageGenerationParams.tsx:1838 [MultiTask] 实时更新结果区: {completedCount: 1, totalModels: 1, imageCount: 2, allComplete: true}
logger.ts:92 [03:09:59][GlobalStore] [updateGlobalParam] 更新全局参数: {key: 'imageUrls', value: Array(2)}
ImageGenerationParams.tsx:1848 [Stream] 模型 Klein 生成完成: {taskId: '3830279532', imageCount: 2}
logger.ts:92 [03:09:59][ImagePreviewModal] 模态框状态变化 {isOpen: false, imageUrl: 'https://rh-images.xiaoyaoyou.com/5312cd62e1fd75605…bc9d5af/output/ComfyUI_00003_vuaig_1770347391.png'}
logger.ts:92 [03:09:59][ImagePreviewModal] 模态框状态变化 {isOpen: false, imageUrl: 'https://rh-images.xiaoyaoyou.com/5312cd62e1fd75605…bc9d5af/output/ComfyUI_00003_vuaig_1770347391.png'}
ImageGenerationParams.tsx:1609 [Stream] 🔧 收到数据块: {chunkLength: 203, preview: 'event: message\ndata: {"type": "done", "message": "…10943C3918338FCCBA2CBE6BD", "time_cost_ms": 15821'}
ImageGenerationParams.tsx:1623 [Stream] 🔧 解析到事件: {type: 'done', node_name: undefined, hasTaskId: false}
ImageGenerationParams.tsx:1577 [Stream] 模型 Klein 流式响应完成
ImageGenerationParams.tsx:1365 [MultiTask] 批量生成完成: {batchId: '3830166247', totalModels: 1, completed: 1, failed: 0}
ImageGenerationParams.tsx:1378 [MultiTask] 收集任务图片: {taskId: '3830279532', model: 'Klein', imageCount: 2}
ImageGenerationParams.tsx:1386 [MultiTask] 所有任务图片收集完成: {totalImages: 2, expectedImages: 2}
ImageDisplay.tsx:279 图片加载完成: /api/proxy-image?url=https%3A%2F%2Frh-images.xiaoyaoyou.com%2F5312cd62e1fd756057e3849edbc9d5af%2Foutput%2FComfyUI_00003_vuaig_1770347391.png
ImageGenerationParams.tsx:1788 [MultiTask] 验证任务成功状态: {taskId: '3830279532', model: 'Klein', status: 'success', realtimeStatus: {…}, statusText: 'Klein 生成完成'}
logger.ts:92 [03:09:59][GlobalStore] [updateGlobalParam] 更新全局参数: {key: 'imageUrls', value: Array(2)}
ImageGenerationParams.tsx:1417 [MultiTask] ✅ 批量生成完成，已更新 globalStore.imageUrls: {batchId: '3830166247', totalModels: 1, totalImages: 2}
